{"C:\\Users\\mekus\\Downloads\\Todolist -test\\src\\tasks.js": {"path":"C:\\Users\\mekus\\Downloads\\Todolist -test\\src\\tasks.js","statementMap":{"0":{"start":{"line":3,"column":4},"end":{"line":3,"column":63}},"1":{"start":{"line":6,"column":24},"end":{"line":8,"column":3}},"2":{"start":{"line":7,"column":4},"end":{"line":7,"column":60}},"3":{"start":{"line":10,"column":15},"end":{"line":17,"column":3}},"4":{"start":{"line":15,"column":4},"end":{"line":15,"column":53}},"5":{"start":{"line":16,"column":4},"end":{"line":16,"column":31}},"6":{"start":{"line":19,"column":15},"end":{"line":35,"column":3}},"7":{"start":{"line":21,"column":4},"end":{"line":28,"column":5}},"8":{"start":{"line":22,"column":6},"end":{"line":22,"column":29}},"9":{"start":{"line":23,"column":6},"end":{"line":25,"column":9}},"10":{"start":{"line":24,"column":8},"end":{"line":24,"column":27}},"11":{"start":{"line":26,"column":6},"end":{"line":26,"column":33}},"12":{"start":{"line":27,"column":6},"end":{"line":27,"column":13}},"13":{"start":{"line":30,"column":4},"end":{"line":30,"column":56}},"14":{"start":{"line":30,"column":40},"end":{"line":30,"column":54}},"15":{"start":{"line":31,"column":4},"end":{"line":33,"column":7}},"16":{"start":{"line":32,"column":6},"end":{"line":32,"column":25}},"17":{"start":{"line":34,"column":4},"end":{"line":34,"column":31}},"18":{"start":{"line":37,"column":15},"end":{"line":41,"column":3}},"19":{"start":{"line":38,"column":4},"end":{"line":38,"column":43}},"20":{"start":{"line":39,"column":4},"end":{"line":39,"column":39}},"21":{"start":{"line":40,"column":4},"end":{"line":40,"column":31}}},"fnMap":{"0":{"name":"(anonymous_0)","decl":{"start":{"line":2,"column":2},"end":{"line":2,"column":3}},"loc":{"start":{"line":2,"column":16},"end":{"line":4,"column":3}},"line":2},"1":{"name":"(anonymous_1)","decl":{"start":{"line":6,"column":24},"end":{"line":6,"column":25}},"loc":{"start":{"line":6,"column":30},"end":{"line":8,"column":3}},"line":6},"2":{"name":"(anonymous_2)","decl":{"start":{"line":10,"column":15},"end":{"line":10,"column":16}},"loc":{"start":{"line":14,"column":8},"end":{"line":17,"column":3}},"line":14},"3":{"name":"(anonymous_3)","decl":{"start":{"line":19,"column":15},"end":{"line":19,"column":16}},"loc":{"start":{"line":19,"column":30},"end":{"line":35,"column":3}},"line":19},"4":{"name":"(anonymous_4)","decl":{"start":{"line":23,"column":23},"end":{"line":23,"column":24}},"loc":{"start":{"line":23,"column":36},"end":{"line":25,"column":7}},"line":23},"5":{"name":"(anonymous_5)","decl":{"start":{"line":30,"column":31},"end":{"line":30,"column":32}},"loc":{"start":{"line":30,"column":40},"end":{"line":30,"column":54}},"line":30},"6":{"name":"(anonymous_6)","decl":{"start":{"line":31,"column":21},"end":{"line":31,"column":22}},"loc":{"start":{"line":31,"column":34},"end":{"line":33,"column":5}},"line":31},"7":{"name":"(anonymous_7)","decl":{"start":{"line":37,"column":15},"end":{"line":37,"column":16}},"loc":{"start":{"line":37,"column":47},"end":{"line":41,"column":3}},"line":37}},"branchMap":{"0":{"loc":{"start":{"line":3,"column":15},"end":{"line":3,"column":62}},"type":"binary-expr","locations":[{"start":{"line":3,"column":15},"end":{"line":3,"column":56}},{"start":{"line":3,"column":60},"end":{"line":3,"column":62}}],"line":3},"1":{"loc":{"start":{"line":12,"column":4},"end":{"line":12,"column":21}},"type":"default-arg","locations":[{"start":{"line":12,"column":16},"end":{"line":12,"column":21}}],"line":12},"2":{"loc":{"start":{"line":13,"column":4},"end":{"line":13,"column":31}},"type":"default-arg","locations":[{"start":{"line":13,"column":12},"end":{"line":13,"column":31}}],"line":13},"3":{"loc":{"start":{"line":19,"column":16},"end":{"line":19,"column":25}},"type":"default-arg","locations":[{"start":{"line":19,"column":21},"end":{"line":19,"column":25}}],"line":19},"4":{"loc":{"start":{"line":21,"column":4},"end":{"line":28,"column":5}},"type":"if","locations":[{"start":{"line":21,"column":4},"end":{"line":28,"column":5}},{"start":{},"end":{}}],"line":21}},"s":{"0":0,"1":0,"2":0,"3":0,"4":0,"5":0,"6":0,"7":0,"8":0,"9":0,"10":0,"11":0,"12":0,"13":0,"14":0,"15":0,"16":0,"17":0,"18":0,"19":0,"20":0,"21":0},"f":{"0":0,"1":0,"2":0,"3":0,"4":0,"5":0,"6":0,"7":0},"b":{"0":[0,0],"1":[0],"2":[0],"3":[0],"4":[0,0]},"_coverageSchema":"1a1c01bbd47fc00a2c39e90264f33305004495a9","hash":"22b40ca32081800ab60b21cb89bbfc52190b4242"}
}
